<?xml version="1.0" encoding="UTF-8"?>
<testsuite xmlns:xsi="http://www.w3.org/2001/XMLSchema-instance" xsi:noNamespaceSchemaLocation="https://maven.apache.org/surefire/maven-surefire-plugin/xsd/surefire-test-report-3.0.xsd" version="3.0" name="com.example.NunesSports.NunesSportsApplicationTests" time="6.304" tests="1" errors="0" skipped="0" failures="0">
  <properties>
[...]
</properties>
  <testcase name="contextLoads" classname="com.example.NunesSports.NunesSportsApplicationTests" time="1.859">
    <system-out><![CDATA[00:44:59.038 [main] INFO org.springframework.test.context.support.AnnotationConfigContextLoaderUtils -- Could not detect default configuration classes for test class [com.example.NunesSports.NunesSportsApplicationTests]: NunesSportsApplicationTests does not declare any static, non-private, non-final, nested classes annotated with @Configuration.
00:44:59.359 [main] INFO org.springframework.boot.test.context.SpringBootTestContextBootstrapper -- Found @SpringBootConfiguration com.example.NunesSports.NunesSportsApplication for test class com.example.NunesSports.NunesSportsApplicationTests
00:44:59.789 [main] INFO org.springframework.boot.devtools.restart.RestartApplicationListener -- Restart disabled due to context in which it is running

  .   ____          _            __ _ _
 /\\ / ___'_ __ _ _(_)_ __  __ _ \ \ \ \
( ( )\___ | '_ | '_| | '_ \/ _` | \ \ \ \
 \\/  ___)| |_)| | | | | || (_| |  ) ) ) )
  '  |____| .__|_| |_|_| |_\__, | / / / /
 =========|_|==============|___/=/_/_/_/

 :: Spring Boot ::                (v3.3.3)

2024-09-01T00:45:00.399-03:00  INFO 8324 --- [NunesSports] [           main] c.e.N.NunesSportsApplicationTests        : Starting NunesSportsApplicationTests using Java 19.0.1 with PID 8324 (started by silva in C:\Users\silva\Downloads\teste\backend\NunesSports\NunesSports)
2024-09-01T00:45:00.403-03:00  INFO 8324 --- [NunesSports] [           main] c.e.N.NunesSportsApplicationTests        : No active profile set, falling back to 1 default profile: "default"
2024-09-01T00:45:02.982-03:00  INFO 8324 --- [NunesSports] [           main] c.e.N.NunesSportsApplicationTests        : Started NunesSportsApplicationTests in 3.223 seconds (process running for 5.648)
]]></system-out>
  </testcase>
</testsuite>